<?xml version="1.0" encoding="UTF-8"?>
<!-- Generated by org.testng.reporters.JUnitReportReporter -->
<testsuite hostname="DESKTOP-72J7IOT" failures="0" tests="1" name="TC6_GET_BasicAuth" time="3.688" errors="0" timestamp="2022-11-09T20:15:30 IST" skipped="0">
  <testcase classname="TC6_GET_BasicAuth" name="get_user_fullJSONbody" time="3.688"/>
  <system-out/>
</testsuite> <!-- TC6_GET_BasicAuth -->
