<?xml version="1.0" encoding="UTF-8"?>
<!-- Generated by org.testng.reporters.JUnitReportReporter -->
<testsuite hostname="DESKTOP-72J7IOT" failures="0" tests="1" name="TC1_GET_req" time="2.262" errors="0" timestamp="2022-11-07T23:36:39 IST" skipped="0">
  <testcase classname="TC1_GET_req" name="get_weather_details" time="2.262"/>
  <system-out/>
</testsuite> <!-- TC1_GET_req -->
