<?xml version="1.0" encoding="UTF-8"?>
<!-- Generated by org.testng.reporters.JUnitReportReporter -->
<testsuite hostname="DESKTOP-72J7IOT" failures="0" tests="1" name="TC2_POST_req" time="2.683" errors="0" timestamp="2022-11-08T00:09:24 IST" skipped="0">
  <testcase classname="TC2_POST_req" name="get_weather_details" time="2.683"/>
  <system-out/>
</testsuite> <!-- TC2_POST_req -->
