<?xml version="1.0" encoding="UTF-8"?>
<!-- Generated by org.testng.reporters.JUnitReportReporter -->
<testsuite hostname="DESKTOP-72J7IOT" failures="0" tests="1" name="TC4_GET_req" time="2.790" errors="0" timestamp="2022-11-09T19:23:30 IST" skipped="0">
  <testcase classname="TC4_GET_req" name="get_user_all_details_headers" time="2.790"/>
  <system-out/>
</testsuite> <!-- TC4_GET_req -->
