<?xml version="1.0" encoding="UTF-8"?>
<!-- Generated by org.testng.reporters.JUnitReportReporter -->
<testsuite hostname="DESKTOP-72J7IOT" failures="0" tests="4" name="Data_Driven_Testing.TC1_DD_addingNewEmployees" time="3.653" errors="0" timestamp="2022-11-16T11:38:24 IST" skipped="0">
  <testcase classname="Data_Driven_Testing.TC1_DD_addingNewEmployees" name="post_new_employees" time="0.548"/>
  <system-out/>
  <testcase classname="Data_Driven_Testing.TC1_DD_addingNewEmployees" name="post_new_employees" time="0.565"/>
  <system-out/>
  <testcase classname="Data_Driven_Testing.TC1_DD_addingNewEmployees" name="post_new_employees" time="0.573"/>
  <system-out/>
  <testcase classname="Data_Driven_Testing.TC1_DD_addingNewEmployees" name="post_new_employees" time="1.967"/>
  <system-out/>
</testsuite> <!-- Data_Driven_Testing.TC1_DD_addingNewEmployees -->
