<?xml version="1.0" encoding="UTF-8"?>
<!-- Generated by org.testng.reporters.JUnitReportReporter -->
<testsuite hostname="DESKTOP-72J7IOT" failures="0" tests="1" name="TC5_GET_validatingJSONbody" time="4.720" errors="0" timestamp="2022-11-09T19:51:54 IST" skipped="0">
  <testcase classname="TC5_GET_validatingJSONbody" name="get_user_fullJSONbody" time="4.720"/>
  <system-out/>
</testsuite> <!-- TC5_GET_validatingJSONbody -->
