<?xml version="1.0" encoding="UTF-8"?>
<!-- Generated by org.testng.reporters.JUnitReportReporter -->
<testsuite hostname="DESKTOP-72J7IOT" failures="0" tests="1" name="TC3_GET_req" time="2.105" errors="0" timestamp="2022-11-08T01:14:47 IST" skipped="0">
  <testcase classname="TC3_GET_req" name="get_weather_details" time="2.105"/>
  <system-out/>
</testsuite> <!-- TC3_GET_req -->
